E:\JAY\JAY\DISHARDWARE\DISHARD2\DISHARD2\RELEASE\DISHARD2.PCH
E:\JAY\JAY\DISHARDWARE\DISHARD2\DISHARD2\RELEASE\STDAFX.OBJ
E:\JAY\JAY\DISHARDWARE\DISHARD2\DISHARD2\RELEASE\VC110.PDB
E:\JAY\JAY\DISHARDWARE\DISHARD2\DISHARD2\RELEASE\DISHARD2DLG.OBJ
E:\JAY\JAY\DISHARDWARE\DISHARD2\DISHARD2\RELEASE\DISHARD2.OBJ
E:\JAY\JAY\DISHARDWARE\DISHARD2\DISHARD2\RELEASE\DISHARD2.RES
E:\jay\jay\DISHARDWARE\DISHARD2\DISHARD2\Release\DISHARD2.obj
E:\jay\jay\DISHARDWARE\DISHARD2\DISHARD2\Release\DISHARD2Dlg.obj
E:\jay\jay\DISHARDWARE\DISHARD2\DISHARD2\Release\stdafx.obj
E:\jay\jay\DISHARDWARE\DISHARD2\DISHARD2\Release\cl.command.1.tlog
E:\jay\jay\DISHARDWARE\DISHARD2\DISHARD2\Release\CL.read.1.tlog
E:\jay\jay\DISHARDWARE\DISHARD2\DISHARD2\Release\CL.write.1.tlog
E:\jay\jay\DISHARDWARE\DISHARD2\DISHARD2\Release\link.command.1.tlog
E:\jay\jay\DISHARDWARE\DISHARD2\DISHARD2\Release\link.read.1.tlog
E:\jay\jay\DISHARDWARE\DISHARD2\DISHARD2\Release\rc.command.1.tlog
E:\jay\jay\DISHARDWARE\DISHARD2\DISHARD2\Release\rc.read.1.tlog
E:\jay\jay\DISHARDWARE\DISHARD2\DISHARD2\Release\rc.write.1.tlog
E:\jay\jay\DISHARDWARE\DISHARD2\DISHARD2\Release\DISHARD2.res
E:\jay\jay\DISHARDWARE\DISHARD2\DISHARD2\Release\DISHARD2.pch
E:\jay\jay\DISHARDWARE\DISHARD2\DISHARD2\Release\vc110.pdb
E:\jay\jay\DISHARDWARE\DISHARD2\Release\DISHARD2.exe
